[2024-06-19T14:29:09.538+0000] {local_task_job_runner.py:120} INFO - ::group::Pre task execution logs
[2024-06-19T14:29:09.561+0000] {taskinstance.py:2076} INFO - Dependencies all met for dep_context=non-requeueable deps ti=<TaskInstance: testing_dag.task_3 manual__2024-06-19T14:29:00.713833+00:00 [queued]>
[2024-06-19T14:29:09.572+0000] {taskinstance.py:2076} INFO - Dependencies all met for dep_context=requeueable deps ti=<TaskInstance: testing_dag.task_3 manual__2024-06-19T14:29:00.713833+00:00 [queued]>
[2024-06-19T14:29:09.573+0000] {taskinstance.py:2306} INFO - Starting attempt 1 of 2
[2024-06-19T14:29:09.590+0000] {taskinstance.py:2330} INFO - Executing <Task(PythonOperator): task_3> on 2024-06-19 14:29:00.713833+00:00
[2024-06-19T14:29:09.604+0000] {warnings.py:112} WARNING - /home/***/.local/lib/python3.12/site-packages/***/task/task_runner/standard_task_runner.py:61: DeprecationWarning: This process (pid=466) is multi-threaded, use of fork() may lead to deadlocks in the child.
  pid = os.fork()

[2024-06-19T14:29:09.609+0000] {standard_task_runner.py:63} INFO - Started process 468 to run task
[2024-06-19T14:29:09.605+0000] {standard_task_runner.py:90} INFO - Running: ['***', 'tasks', 'run', 'testing_dag', 'task_3', 'manual__2024-06-19T14:29:00.713833+00:00', '--job-id', '30', '--raw', '--subdir', 'DAGS_FOLDER/main_dag.py', '--cfg-path', '/tmp/tmpye7ak3n9']
[2024-06-19T14:29:09.626+0000] {standard_task_runner.py:91} INFO - Job 30: Subtask task_3
[2024-06-19T14:29:09.728+0000] {task_command.py:426} INFO - Running <TaskInstance: testing_dag.task_3 manual__2024-06-19T14:29:00.713833+00:00 [running]> on host 80ed35ae19d6
[2024-06-19T14:29:09.830+0000] {taskinstance.py:2648} INFO - Exporting env vars: AIRFLOW_CTX_DAG_EMAIL='***@example.com' AIRFLOW_CTX_DAG_OWNER='***' AIRFLOW_CTX_DAG_ID='testing_dag' AIRFLOW_CTX_TASK_ID='task_3' AIRFLOW_CTX_EXECUTION_DATE='2024-06-19T14:29:00.713833+00:00' AIRFLOW_CTX_TRY_NUMBER='1' AIRFLOW_CTX_DAG_RUN_ID='manual__2024-06-19T14:29:00.713833+00:00'
[2024-06-19T14:29:09.832+0000] {taskinstance.py:430} INFO - ::endgroup::
[2024-06-19T14:29:09.843+0000] {logging_mixin.py:188} INFO - Error: The conn_id `cursor` isn't defined
[2024-06-19T14:29:09.850+0000] {taskinstance.py:441} INFO - ::group::Post task execution logs
[2024-06-19T14:29:09.858+0000] {taskinstance.py:2905} ERROR - Task failed with exception
Traceback (most recent call last):
  File "/opt/airflow/dags/main_dag.py", line 46, in init_load_ref_tables
    curs = conn.cursor()
           ^^^^^^^^^^^
  File "/home/airflow/.local/lib/python3.12/site-packages/airflow/utils/context.py", line 133, in __getattr__
    self.var = Connection.get_connection_from_secrets(key)
               ^^^^^^^^^^^^^^^^^^^^^^^^^^^^^^^^^^^^^^^^^^^
  File "/home/airflow/.local/lib/python3.12/site-packages/airflow/models/connection.py", line 519, in get_connection_from_secrets
    raise AirflowNotFoundException(f"The conn_id `{conn_id}` isn't defined")
airflow.exceptions.AirflowNotFoundException: The conn_id `cursor` isn't defined

During handling of the above exception, another exception occurred:

Traceback (most recent call last):
  File "/home/airflow/.local/lib/python3.12/site-packages/airflow/models/taskinstance.py", line 465, in _execute_task
    result = _execute_callable(context=context, **execute_callable_kwargs)
             ^^^^^^^^^^^^^^^^^^^^^^^^^^^^^^^^^^^^^^^^^^^^^^^^^^^^^^^^^^^^^
  File "/home/airflow/.local/lib/python3.12/site-packages/airflow/models/taskinstance.py", line 432, in _execute_callable
    return execute_callable(context=context, **execute_callable_kwargs)
           ^^^^^^^^^^^^^^^^^^^^^^^^^^^^^^^^^^^^^^^^^^^^^^^^^^^^^^^^^^^^
  File "/home/airflow/.local/lib/python3.12/site-packages/airflow/models/baseoperator.py", line 401, in wrapper
    return func(self, *args, **kwargs)
           ^^^^^^^^^^^^^^^^^^^^^^^^^^^
  File "/home/airflow/.local/lib/python3.12/site-packages/airflow/operators/python.py", line 235, in execute
    return_value = self.execute_callable()
                   ^^^^^^^^^^^^^^^^^^^^^^^
  File "/home/airflow/.local/lib/python3.12/site-packages/airflow/operators/python.py", line 252, in execute_callable
    return self.python_callable(*self.op_args, **self.op_kwargs)
           ^^^^^^^^^^^^^^^^^^^^^^^^^^^^^^^^^^^^^^^^^^^^^^^^^^^^^
  File "/opt/airflow/dags/main_dag.py", line 52, in init_load_ref_tables
    conn.rollback()
    ^^^^^^^^^^^^^
  File "/home/airflow/.local/lib/python3.12/site-packages/airflow/utils/context.py", line 133, in __getattr__
    self.var = Connection.get_connection_from_secrets(key)
               ^^^^^^^^^^^^^^^^^^^^^^^^^^^^^^^^^^^^^^^^^^^
  File "/home/airflow/.local/lib/python3.12/site-packages/airflow/models/connection.py", line 519, in get_connection_from_secrets
    raise AirflowNotFoundException(f"The conn_id `{conn_id}` isn't defined")
airflow.exceptions.AirflowNotFoundException: The conn_id `rollback` isn't defined
[2024-06-19T14:29:09.872+0000] {taskinstance.py:1206} INFO - Marking task as UP_FOR_RETRY. dag_id=testing_dag, task_id=task_3, run_id=manual__2024-06-19T14:29:00.713833+00:00, execution_date=20240619T142900, start_date=20240619T142909, end_date=20240619T142909
[2024-06-19T14:29:09.887+0000] {standard_task_runner.py:110} ERROR - Failed to execute job 30 for task task_3 (The conn_id `rollback` isn't defined; 468)
[2024-06-19T14:29:09.912+0000] {local_task_job_runner.py:240} INFO - Task exited with return code 1
[2024-06-19T14:29:09.928+0000] {taskinstance.py:3503} INFO - 0 downstream tasks scheduled from follow-on schedule check
[2024-06-19T14:29:09.931+0000] {local_task_job_runner.py:222} INFO - ::endgroup::
